<?xml version="1.0" encoding="UTF-8"?>
<!-- Generated by org.testng.reporters.JUnitXMLReporter -->
<testsuite hostname="BALUs-MacBook-Pro-2.local" ignored="0" name="Test" tests="6" failures="1" timestamp="2022-10-04T11:38:14 BST" time="110.697" errors="0">
  <testcase name="startTheGame" time="1.205" classname="com.application.test.ApplicationTest"/>
  <testcase name="verifyNewUser" time="0.191" classname="com.application.test.ApplicationTest"/>
  <testcase name="generateCookies" time="17.872" classname="com.application.test.ApplicationTest"/>
  <testcase name="sellAllCookies" time="0.849" classname="com.application.test.ApplicationTest">
    <failure type="java.lang.AssertionError" message="expected [true] but found [false]">
      <![CDATA[java.lang.AssertionError: expected [true] but found [false]
at com.application.pageactions.GamePageActions.sellAllCookies(GamePageActions.java:28)
at com.application.test.ApplicationTest.sellAllCookies(ApplicationTest.java:43)
at java.util.ArrayList.forEach(ArrayList.java:1259)
... Removed 31 stack frames]]>
    </failure>
  </testcase> <!-- sellAllCookies -->
  <testcase name="sellHalfOfTheCookies" time="24.678" classname="com.application.test.ApplicationTest"/>
  <testcase name="buyFactories" time="34.802" classname="com.application.test.ApplicationTest"/>
</testsuite> <!-- Test -->
