<?xml version="1.0" encoding="UTF-8"?>
<testng-results skipped="0" failed="1" ignored="0" total="6" passed="5">
  <reporter-output>
  </reporter-output>
  <suite name="Suite" duration-ms="110697" started-at="2022-10-04T11:36:23 BST" finished-at="2022-10-04T11:38:14 BST">
    <groups>
    </groups>
    <test name="Test" duration-ms="110697" started-at="2022-10-04T11:36:23 BST" finished-at="2022-10-04T11:38:14 BST">
      <class name="com.application.test.ApplicationTest">
        <test-method status="PASS" signature="setupReport()[pri:0, instance:com.application.test.ApplicationTest@7530ad9c]" name="setupReport" is-config="true" duration-ms="279" started-at="2022-10-04T11:36:23 BST" finished-at="2022-10-04T11:36:23 BST">
          <reporter-output>
          </reporter-output>
        </test-method> <!-- setupReport -->
        <test-method status="PASS" signature="setupBrowser(java.lang.String)[pri:0, instance:com.application.test.ApplicationTest@7530ad9c]" name="setupBrowser" is-config="true" duration-ms="6311" started-at="2022-10-04T11:36:23 BST" finished-at="2022-10-04T11:36:29 BST">
          <params>
            <param index="0">
              <value>
                <![CDATA[chrome]]>
              </value>
            </param>
          </params>
          <reporter-output>
          </reporter-output>
        </test-method> <!-- setupBrowser -->
        <test-method status="PASS" signature="startTheGame()[pri:1, instance:com.application.test.ApplicationTest@7530ad9c]" name="startTheGame" duration-ms="1205" started-at="2022-10-04T11:36:29 BST" finished-at="2022-10-04T11:36:31 BST">
          <reporter-output>
          </reporter-output>
        </test-method> <!-- startTheGame -->
        <test-method status="PASS" signature="closeBrowser()[pri:0, instance:com.application.test.ApplicationTest@7530ad9c]" name="closeBrowser" is-config="true" duration-ms="394" started-at="2022-10-04T11:36:31 BST" finished-at="2022-10-04T11:36:32 BST">
          <reporter-output>
          </reporter-output>
        </test-method> <!-- closeBrowser -->
        <test-method status="PASS" signature="setupBrowser(java.lang.String)[pri:0, instance:com.application.test.ApplicationTest@7530ad9c]" name="setupBrowser" is-config="true" duration-ms="6222" started-at="2022-10-04T11:36:32 BST" finished-at="2022-10-04T11:36:38 BST">
          <params>
            <param index="0">
              <value>
                <![CDATA[chrome]]>
              </value>
            </param>
          </params>
          <reporter-output>
          </reporter-output>
        </test-method> <!-- setupBrowser -->
        <test-method status="PASS" signature="verifyNewUser()[pri:2, instance:com.application.test.ApplicationTest@7530ad9c]" name="verifyNewUser" duration-ms="191" started-at="2022-10-04T11:36:38 BST" finished-at="2022-10-04T11:36:38 BST">
          <reporter-output>
          </reporter-output>
        </test-method> <!-- verifyNewUser -->
        <test-method status="PASS" signature="closeBrowser()[pri:0, instance:com.application.test.ApplicationTest@7530ad9c]" name="closeBrowser" is-config="true" duration-ms="318" started-at="2022-10-04T11:36:38 BST" finished-at="2022-10-04T11:36:39 BST">
          <reporter-output>
          </reporter-output>
        </test-method> <!-- closeBrowser -->
        <test-method status="PASS" signature="setupBrowser(java.lang.String)[pri:0, instance:com.application.test.ApplicationTest@7530ad9c]" name="setupBrowser" is-config="true" duration-ms="4503" started-at="2022-10-04T11:36:39 BST" finished-at="2022-10-04T11:36:43 BST">
          <params>
            <param index="0">
              <value>
                <![CDATA[chrome]]>
              </value>
            </param>
          </params>
          <reporter-output>
          </reporter-output>
        </test-method> <!-- setupBrowser -->
        <test-method status="PASS" signature="generateCookies()[pri:3, instance:com.application.test.ApplicationTest@7530ad9c]" name="generateCookies" duration-ms="17872" started-at="2022-10-04T11:36:43 BST" finished-at="2022-10-04T11:37:01 BST">
          <reporter-output>
          </reporter-output>
        </test-method> <!-- generateCookies -->
        <test-method status="PASS" signature="closeBrowser()[pri:0, instance:com.application.test.ApplicationTest@7530ad9c]" name="closeBrowser" is-config="true" duration-ms="290" started-at="2022-10-04T11:37:01 BST" finished-at="2022-10-04T11:37:01 BST">
          <reporter-output>
          </reporter-output>
        </test-method> <!-- closeBrowser -->
        <test-method status="PASS" signature="setupBrowser(java.lang.String)[pri:0, instance:com.application.test.ApplicationTest@7530ad9c]" name="setupBrowser" is-config="true" duration-ms="3865" started-at="2022-10-04T11:37:01 BST" finished-at="2022-10-04T11:37:05 BST">
          <params>
            <param index="0">
              <value>
                <![CDATA[chrome]]>
              </value>
            </param>
          </params>
          <reporter-output>
          </reporter-output>
        </test-method> <!-- setupBrowser -->
        <test-method status="FAIL" signature="sellAllCookies()[pri:4, instance:com.application.test.ApplicationTest@7530ad9c]" name="sellAllCookies" duration-ms="849" started-at="2022-10-04T11:37:05 BST" finished-at="2022-10-04T11:37:06 BST">
          <exception class="java.lang.AssertionError">
            <message>
              <![CDATA[expected [true] but found [false]]]>
            </message>
            <full-stacktrace>
              <![CDATA[java.lang.AssertionError: expected [true] but found [false]
at org.testng.Assert.fail(Assert.java:97)
at org.testng.Assert.failNotEquals(Assert.java:969)
at org.testng.Assert.assertTrue(Assert.java:43)
at org.testng.Assert.assertTrue(Assert.java:53)
at com.application.pageactions.GamePageActions.sellAllCookies(GamePageActions.java:28)
at com.application.test.ApplicationTest.sellAllCookies(ApplicationTest.java:43)
at sun.reflect.NativeMethodAccessorImpl.invoke0(Native Method)
at sun.reflect.NativeMethodAccessorImpl.invoke(NativeMethodAccessorImpl.java:62)
at sun.reflect.DelegatingMethodAccessorImpl.invoke(DelegatingMethodAccessorImpl.java:43)
at java.lang.reflect.Method.invoke(Method.java:498)
at org.testng.internal.MethodInvocationHelper.invokeMethod(MethodInvocationHelper.java:134)
at org.testng.internal.TestInvoker.invokeMethod(TestInvoker.java:597)
at org.testng.internal.TestInvoker.invokeTestMethod(TestInvoker.java:173)
at org.testng.internal.MethodRunner.runInSequence(MethodRunner.java:46)
at org.testng.internal.TestInvoker$MethodInvocationAgent.invoke(TestInvoker.java:816)
at org.testng.internal.TestInvoker.invokeTestMethods(TestInvoker.java:146)
at org.testng.internal.TestMethodWorker.invokeTestMethods(TestMethodWorker.java:146)
at org.testng.internal.TestMethodWorker.run(TestMethodWorker.java:128)
at java.util.ArrayList.forEach(ArrayList.java:1259)
at org.testng.TestRunner.privateRun(TestRunner.java:766)
at org.testng.TestRunner.run(TestRunner.java:587)
at org.testng.SuiteRunner.runTest(SuiteRunner.java:384)
at org.testng.SuiteRunner.runSequentially(SuiteRunner.java:378)
at org.testng.SuiteRunner.privateRun(SuiteRunner.java:337)
at org.testng.SuiteRunner.run(SuiteRunner.java:286)
at org.testng.SuiteRunnerWorker.runSuite(SuiteRunnerWorker.java:53)
at org.testng.SuiteRunnerWorker.run(SuiteRunnerWorker.java:96)
at org.testng.TestNG.runSuitesSequentially(TestNG.java:1187)
at org.testng.TestNG.runSuitesLocally(TestNG.java:1109)
at org.testng.TestNG.runSuites(TestNG.java:1039)
at org.testng.TestNG.run(TestNG.java:1007)
at org.testng.remote.AbstractRemoteTestNG.run(AbstractRemoteTestNG.java:115)
at org.testng.remote.RemoteTestNG.initAndRun(RemoteTestNG.java:251)
at org.testng.remote.RemoteTestNG.main(RemoteTestNG.java:77)
]]>
            </full-stacktrace>
          </exception> <!-- java.lang.AssertionError -->
          <reporter-output>
          </reporter-output>
        </test-method> <!-- sellAllCookies -->
        <test-method status="PASS" signature="closeBrowser()[pri:0, instance:com.application.test.ApplicationTest@7530ad9c]" name="closeBrowser" is-config="true" duration-ms="261" started-at="2022-10-04T11:37:07 BST" finished-at="2022-10-04T11:37:07 BST">
          <reporter-output>
          </reporter-output>
        </test-method> <!-- closeBrowser -->
        <test-method status="PASS" signature="setupBrowser(java.lang.String)[pri:0, instance:com.application.test.ApplicationTest@7530ad9c]" name="setupBrowser" is-config="true" duration-ms="3277" started-at="2022-10-04T11:37:07 BST" finished-at="2022-10-04T11:37:10 BST">
          <params>
            <param index="0">
              <value>
                <![CDATA[chrome]]>
              </value>
            </param>
          </params>
          <reporter-output>
          </reporter-output>
        </test-method> <!-- setupBrowser -->
        <test-method status="PASS" signature="sellHalfOfTheCookies()[pri:5, instance:com.application.test.ApplicationTest@7530ad9c]" name="sellHalfOfTheCookies" duration-ms="24678" started-at="2022-10-04T11:37:10 BST" finished-at="2022-10-04T11:37:35 BST">
          <reporter-output>
          </reporter-output>
        </test-method> <!-- sellHalfOfTheCookies -->
        <test-method status="PASS" signature="closeBrowser()[pri:0, instance:com.application.test.ApplicationTest@7530ad9c]" name="closeBrowser" is-config="true" duration-ms="158" started-at="2022-10-04T11:37:35 BST" finished-at="2022-10-04T11:37:35 BST">
          <reporter-output>
          </reporter-output>
        </test-method> <!-- closeBrowser -->
        <test-method status="PASS" signature="setupBrowser(java.lang.String)[pri:0, instance:com.application.test.ApplicationTest@7530ad9c]" name="setupBrowser" is-config="true" duration-ms="3635" started-at="2022-10-04T11:37:35 BST" finished-at="2022-10-04T11:37:39 BST">
          <params>
            <param index="0">
              <value>
                <![CDATA[chrome]]>
              </value>
            </param>
          </params>
          <reporter-output>
          </reporter-output>
        </test-method> <!-- setupBrowser -->
        <test-method status="PASS" signature="buyFactories()[pri:6, instance:com.application.test.ApplicationTest@7530ad9c]" name="buyFactories" duration-ms="34802" started-at="2022-10-04T11:37:39 BST" finished-at="2022-10-04T11:38:13 BST">
          <reporter-output>
          </reporter-output>
        </test-method> <!-- buyFactories -->
        <test-method status="PASS" signature="closeBrowser()[pri:0, instance:com.application.test.ApplicationTest@7530ad9c]" name="closeBrowser" is-config="true" duration-ms="181" started-at="2022-10-04T11:38:14 BST" finished-at="2022-10-04T11:38:14 BST">
          <reporter-output>
          </reporter-output>
        </test-method> <!-- closeBrowser -->
        <test-method status="PASS" signature="stopReporting()[pri:0, instance:com.application.test.ApplicationTest@7530ad9c]" name="stopReporting" is-config="true" duration-ms="51" started-at="2022-10-04T11:38:14 BST" finished-at="2022-10-04T11:38:14 BST">
          <reporter-output>
          </reporter-output>
        </test-method> <!-- stopReporting -->
      </class> <!-- com.application.test.ApplicationTest -->
    </test> <!-- Test -->
  </suite> <!-- Suite -->
</testng-results>
